<?xml version="1.0" encoding="UTF-8"?><testrun name="AdminControllerTest" project="learning-management-system" tests="19" started="19" failures="1" errors="0" ignored="0">
  <testsuite name="com.te.lms.controller.AdminControllerTest" time="12.279" displayname="AdminControllerTest" uniqueid="[engine:junit-jupiter]/[class:com.te.lms.controller.AdminControllerTest]">
    <testcase name="testApproveEmployee" classname="com.te.lms.controller.AdminControllerTest" time="4.652" displayname="testApproveEmployee()" uniqueid="[engine:junit-jupiter]/[class:com.te.lms.controller.AdminControllerTest]/[method:testApproveEmployee()]"/>
    <testcase name="testRegisterMentor" classname="com.te.lms.controller.AdminControllerTest" time="4.424" displayname="testRegisterMentor()" uniqueid="[engine:junit-jupiter]/[class:com.te.lms.controller.AdminControllerTest]/[method:testRegisterMentor()]"/>
    <testcase name="testDeleteBatch" classname="com.te.lms.controller.AdminControllerTest" time="0.012" displayname="testDeleteBatch()" uniqueid="[engine:junit-jupiter]/[class:com.te.lms.controller.AdminControllerTest]/[method:testDeleteBatch()]"/>
    <testcase name="testGetBatchDetails" classname="com.te.lms.controller.AdminControllerTest" time="0.009" displayname="testGetBatchDetails()" uniqueid="[engine:junit-jupiter]/[class:com.te.lms.controller.AdminControllerTest]/[method:testGetBatchDetails()]"/>
    <testcase name="testUpdateBatch" classname="com.te.lms.controller.AdminControllerTest" time="0.011" displayname="testUpdateBatch()" uniqueid="[engine:junit-jupiter]/[class:com.te.lms.controller.AdminControllerTest]/[method:testUpdateBatch()]"/>
    <testcase name="testGetRequestList" classname="com.te.lms.controller.AdminControllerTest" time="0.011" displayname="testGetRequestList()" uniqueid="[engine:junit-jupiter]/[class:com.te.lms.controller.AdminControllerTest]/[method:testGetRequestList()]">
      <failure>java.lang.AssertionError: Status expected:&lt;200&gt; but was:&lt;405&gt;&#13;
	at org.springframework.test.util.AssertionErrors.fail(AssertionErrors.java:59)&#13;
	at org.springframework.test.util.AssertionErrors.assertEquals(AssertionErrors.java:122)&#13;
	at org.springframework.test.web.servlet.result.StatusResultMatchers.lambda$matcher$9(StatusResultMatchers.java:627)&#13;
	at org.springframework.test.web.servlet.MockMvc$1.andExpect(MockMvc.java:214)&#13;
	at com.te.lms.controller.AdminControllerTest.testGetRequestList(AdminControllerTest.java:366)&#13;
	at java.base/jdk.internal.reflect.NativeMethodAccessorImpl.invoke0(Native Method)&#13;
	at java.base/jdk.internal.reflect.NativeMethodAccessorImpl.invoke(NativeMethodAccessorImpl.java:64)&#13;
	at java.base/jdk.internal.reflect.DelegatingMethodAccessorImpl.invoke(DelegatingMethodAccessorImpl.java:43)&#13;
	at java.base/java.lang.reflect.Method.invoke(Method.java:564)&#13;
	at org.junit.platform.commons.util.ReflectionUtils.invokeMethod(ReflectionUtils.java:688)&#13;
	at org.junit.jupiter.engine.execution.MethodInvocation.proceed(MethodInvocation.java:60)&#13;
	at org.junit.jupiter.engine.execution.InvocationInterceptorChain$ValidatingInvocation.proceed(InvocationInterceptorChain.java:131)&#13;
	at org.junit.jupiter.engine.extension.TimeoutExtension.intercept(TimeoutExtension.java:149)&#13;
	at org.junit.jupiter.engine.extension.TimeoutExtension.interceptTestableMethod(TimeoutExtension.java:140)&#13;
	at org.junit.jupiter.engine.extension.TimeoutExtension.interceptTestMethod(TimeoutExtension.java:84)&#13;
	at org.junit.jupiter.engine.execution.ExecutableInvoker$ReflectiveInterceptorCall.lambda$ofVoidMethod$0(ExecutableInvoker.java:115)&#13;
	at org.junit.jupiter.engine.execution.ExecutableInvoker.lambda$invoke$0(ExecutableInvoker.java:105)&#13;
	at org.junit.jupiter.engine.execution.InvocationInterceptorChain$InterceptedInvocation.proceed(InvocationInterceptorChain.java:106)&#13;
	at org.junit.jupiter.engine.execution.InvocationInterceptorChain.proceed(InvocationInterceptorChain.java:64)&#13;
	at org.junit.jupiter.engine.execution.InvocationInterceptorChain.chainAndInvoke(InvocationInterceptorChain.java:45)&#13;
	at org.junit.jupiter.engine.execution.InvocationInterceptorChain.invoke(InvocationInterceptorChain.java:37)&#13;
	at org.junit.jupiter.engine.execution.ExecutableInvoker.invoke(ExecutableInvoker.java:104)&#13;
	at org.junit.jupiter.engine.execution.ExecutableInvoker.invoke(ExecutableInvoker.java:98)&#13;
	at org.junit.jupiter.engine.descriptor.TestMethodTestDescriptor.lambda$invokeTestMethod$6(TestMethodTestDescriptor.java:210)&#13;
	at org.junit.platform.engine.support.hierarchical.ThrowableCollector.execute(ThrowableCollector.java:73)&#13;
	at org.junit.jupiter.engine.descriptor.TestMethodTestDescriptor.invokeTestMethod(TestMethodTestDescriptor.java:206)&#13;
	at org.junit.jupiter.engine.descriptor.TestMethodTestDescriptor.execute(TestMethodTestDescriptor.java:131)&#13;
	at org.junit.jupiter.engine.descriptor.TestMethodTestDescriptor.execute(TestMethodTestDescriptor.java:65)&#13;
	at org.junit.platform.engine.support.hierarchical.NodeTestTask.lambda$executeRecursively$5(NodeTestTask.java:139)&#13;
	at org.junit.platform.engine.support.hierarchical.ThrowableCollector.execute(ThrowableCollector.java:73)&#13;
	at org.junit.platform.engine.support.hierarchical.NodeTestTask.lambda$executeRecursively$7(NodeTestTask.java:129)&#13;
	at org.junit.platform.engine.support.hierarchical.Node.around(Node.java:137)&#13;
	at org.junit.platform.engine.support.hierarchical.NodeTestTask.lambda$executeRecursively$8(NodeTestTask.java:127)&#13;
	at org.junit.platform.engine.support.hierarchical.ThrowableCollector.execute(ThrowableCollector.java:73)&#13;
	at org.junit.platform.engine.support.hierarchical.NodeTestTask.executeRecursively(NodeTestTask.java:126)&#13;
	at org.junit.platform.engine.support.hierarchical.NodeTestTask.execute(NodeTestTask.java:84)&#13;
	at java.base/java.util.ArrayList.forEach(ArrayList.java:1511)&#13;
	at org.junit.platform.engine.support.hierarchical.SameThreadHierarchicalTestExecutorService.invokeAll(SameThreadHierarchicalTestExecutorService.java:38)&#13;
	at org.junit.platform.engine.support.hierarchical.NodeTestTask.lambda$executeRecursively$5(NodeTestTask.java:143)&#13;
	at org.junit.platform.engine.support.hierarchical.ThrowableCollector.execute(ThrowableCollector.java:73)&#13;
	at org.junit.platform.engine.support.hierarchical.NodeTestTask.lambda$executeRecursively$7(NodeTestTask.java:129)&#13;
	at org.junit.platform.engine.support.hierarchical.Node.around(Node.java:137)&#13;
	at org.junit.platform.engine.support.hierarchical.NodeTestTask.lambda$executeRecursively$8(NodeTestTask.java:127)&#13;
	at org.junit.platform.engine.support.hierarchical.ThrowableCollector.execute(ThrowableCollector.java:73)&#13;
	at org.junit.platform.engine.support.hierarchical.NodeTestTask.executeRecursively(NodeTestTask.java:126)&#13;
	at org.junit.platform.engine.support.hierarchical.NodeTestTask.execute(NodeTestTask.java:84)&#13;
	at java.base/java.util.ArrayList.forEach(ArrayList.java:1511)&#13;
	at org.junit.platform.engine.support.hierarchical.SameThreadHierarchicalTestExecutorService.invokeAll(SameThreadHierarchicalTestExecutorService.java:38)&#13;
	at org.junit.platform.engine.support.hierarchical.NodeTestTask.lambda$executeRecursively$5(NodeTestTask.java:143)&#13;
	at org.junit.platform.engine.support.hierarchical.ThrowableCollector.execute(ThrowableCollector.java:73)&#13;
	at org.junit.platform.engine.support.hierarchical.NodeTestTask.lambda$executeRecursively$7(NodeTestTask.java:129)&#13;
	at org.junit.platform.engine.support.hierarchical.Node.around(Node.java:137)&#13;
	at org.junit.platform.engine.support.hierarchical.NodeTestTask.lambda$executeRecursively$8(NodeTestTask.java:127)&#13;
	at org.junit.platform.engine.support.hierarchical.ThrowableCollector.execute(ThrowableCollector.java:73)&#13;
	at org.junit.platform.engine.support.hierarchical.NodeTestTask.executeRecursively(NodeTestTask.java:126)&#13;
	at org.junit.platform.engine.support.hierarchical.NodeTestTask.execute(NodeTestTask.java:84)&#13;
	at org.junit.platform.engine.support.hierarchical.SameThreadHierarchicalTestExecutorService.submit(SameThreadHierarchicalTestExecutorService.java:32)&#13;
	at org.junit.platform.engine.support.hierarchical.HierarchicalTestExecutor.execute(HierarchicalTestExecutor.java:57)&#13;
	at org.junit.platform.engine.support.hierarchical.HierarchicalTestEngine.execute(HierarchicalTestEngine.java:51)&#13;
	at org.junit.platform.launcher.core.EngineExecutionOrchestrator.execute(EngineExecutionOrchestrator.java:108)&#13;
	at org.junit.platform.launcher.core.EngineExecutionOrchestrator.execute(EngineExecutionOrchestrator.java:88)&#13;
	at org.junit.platform.launcher.core.EngineExecutionOrchestrator.lambda$execute$0(EngineExecutionOrchestrator.java:54)&#13;
	at org.junit.platform.launcher.core.EngineExecutionOrchestrator.withInterceptedStreams(EngineExecutionOrchestrator.java:67)&#13;
	at org.junit.platform.launcher.core.EngineExecutionOrchestrator.execute(EngineExecutionOrchestrator.java:52)&#13;
	at org.junit.platform.launcher.core.DefaultLauncher.execute(DefaultLauncher.java:96)&#13;
	at org.junit.platform.launcher.core.DefaultLauncher.execute(DefaultLauncher.java:84)&#13;
	at org.eclipse.jdt.internal.junit5.runner.JUnit5TestReference.run(JUnit5TestReference.java:98)&#13;
	at org.eclipse.jdt.internal.junit.runner.TestExecution.run(TestExecution.java:41)&#13;
	at org.eclipse.jdt.internal.junit.runner.RemoteTestRunner.runTests(RemoteTestRunner.java:542)&#13;
	at org.eclipse.jdt.internal.junit.runner.RemoteTestRunner.runTests(RemoteTestRunner.java:770)&#13;
	at org.eclipse.jdt.internal.junit.runner.RemoteTestRunner.run(RemoteTestRunner.java:464)&#13;
	at org.eclipse.jdt.internal.junit.runner.RemoteTestRunner.main(RemoteTestRunner.java:210)&#13;
&#13;
</failure>
    </testcase>
    <testcase name="testUpdateMentor" classname="com.te.lms.controller.AdminControllerTest" time="0.008" displayname="testUpdateMentor()" uniqueid="[engine:junit-jupiter]/[class:com.te.lms.controller.AdminControllerTest]/[method:testUpdateMentor()]"/>
    <testcase name="testDeleteMentor" classname="com.te.lms.controller.AdminControllerTest" time="0.007" displayname="testDeleteMentor()" uniqueid="[engine:junit-jupiter]/[class:com.te.lms.controller.AdminControllerTest]/[method:testDeleteMentor()]"/>
    <testcase name="testRegisterBatch" classname="com.te.lms.controller.AdminControllerTest" time="0.007" displayname="testRegisterBatch()" uniqueid="[engine:junit-jupiter]/[class:com.te.lms.controller.AdminControllerTest]/[method:testRegisterBatch()]"/>
    <testcase name="testApproveEmployee_Retrns400" classname="com.te.lms.controller.AdminControllerTest" time="0.017" displayname="testApproveEmployee_Retrns400()" uniqueid="[engine:junit-jupiter]/[class:com.te.lms.controller.AdminControllerTest]/[method:testApproveEmployee_Retrns400()]"/>
    <testcase name="testRejectEmployee_Returns400" classname="com.te.lms.controller.AdminControllerTest" time="0.009" displayname="testRejectEmployee_Returns400()" uniqueid="[engine:junit-jupiter]/[class:com.te.lms.controller.AdminControllerTest]/[method:testRejectEmployee_Returns400()]"/>
    <testcase name="testUpdateBatch_Returns400" classname="com.te.lms.controller.AdminControllerTest" time="0.008" displayname="testUpdateBatch_Returns400()" uniqueid="[engine:junit-jupiter]/[class:com.te.lms.controller.AdminControllerTest]/[method:testUpdateBatch_Returns400()]"/>
    <testcase name="testDeleteMentor_Return400" classname="com.te.lms.controller.AdminControllerTest" time="0.006" displayname="testDeleteMentor_Return400()" uniqueid="[engine:junit-jupiter]/[class:com.te.lms.controller.AdminControllerTest]/[method:testDeleteMentor_Return400()]"/>
    <testcase name="testRejectEmployee" classname="com.te.lms.controller.AdminControllerTest" time="3.059" displayname="testRejectEmployee()" uniqueid="[engine:junit-jupiter]/[class:com.te.lms.controller.AdminControllerTest]/[method:testRejectEmployee()]"/>
    <testcase name="testUpdateMentor_Return400" classname="com.te.lms.controller.AdminControllerTest" time="0.008" displayname="testUpdateMentor_Return400()" uniqueid="[engine:junit-jupiter]/[class:com.te.lms.controller.AdminControllerTest]/[method:testUpdateMentor_Return400()]"/>
    <testcase name="testGetMentor" classname="com.te.lms.controller.AdminControllerTest" time="0.007" displayname="testGetMentor()" uniqueid="[engine:junit-jupiter]/[class:com.te.lms.controller.AdminControllerTest]/[method:testGetMentor()]"/>
    <testcase name="testDeleteBatch_Return400" classname="com.te.lms.controller.AdminControllerTest" time="0.006" displayname="testDeleteBatch_Return400()" uniqueid="[engine:junit-jupiter]/[class:com.te.lms.controller.AdminControllerTest]/[method:testDeleteBatch_Return400()]"/>
    <testcase name="testRegisterBatch_Returns400" classname="com.te.lms.controller.AdminControllerTest" time="0.006" displayname="testRegisterBatch_Returns400()" uniqueid="[engine:junit-jupiter]/[class:com.te.lms.controller.AdminControllerTest]/[method:testRegisterBatch_Returns400()]"/>
    <testcase name="testRegisterMentor_Returns400" classname="com.te.lms.controller.AdminControllerTest" time="0.01" displayname="testRegisterMentor_Returns400()" uniqueid="[engine:junit-jupiter]/[class:com.te.lms.controller.AdminControllerTest]/[method:testRegisterMentor_Returns400()]"/>
  </testsuite>
</testrun>
